# docker_container.nodejs_app:
resource "docker_container" "nodejs_app" {
    attach                                      = false
    bridge                                      = [90mnull[0m[0m
    command                                     = [
        "npm",
        "start",
    ]
    container_read_refresh_timeout_milliseconds = 15000
    cpu_set                                     = [90mnull[0m[0m
    cpu_shares                                  = 0
    dns                                         = []
    dns_opts                                    = []
    dns_search                                  = []
    domainname                                  = [90mnull[0m[0m
    entrypoint                                  = [
        "docker-entrypoint.sh",
    ]
    env                                         = []
    group_add                                   = []
    hostname                                    = "8fcf4ec5aded"
    id                                          = "8fcf4ec5aded6c14758b0266e5b30cdb60e68a8d626c2ebe40a7b0f6c4c46d23"
    image                                       = "sha256:8ecdd6a18bc5515a3cbadbbb295b0e20f7375065080116c5e50785bd25577e83"
    init                                        = false
    ipc_mode                                    = "private"
    log_driver                                  = "json-file"
    log_opts                                    = {}
    logs                                        = false
    max_retry_count                             = 0
    memory                                      = 0
    memory_swap                                 = 0
    must_run                                    = true
    name                                        = "terraform-nodejs-app"
    network_data                                = [
        {
            gateway                   = "172.17.0.1"
            global_ipv6_address       = [90mnull[0m[0m
            global_ipv6_prefix_length = 0
            ip_address                = "172.17.0.2"
            ip_prefix_length          = 16
            ipv6_gateway              = [90mnull[0m[0m
            mac_address               = "72:aa:55:4f:e0:0e"
            network_name              = "bridge"
        },
    ]
    network_mode                                = "bridge"
    pid_mode                                    = [90mnull[0m[0m
    privileged                                  = false
    publish_all_ports                           = false
    read_only                                   = false
    remove_volumes                              = true
    restart                                     = "no"
    rm                                          = false
    runtime                                     = "runc"
    security_opts                               = []
    shm_size                                    = 64
    start                                       = true
    stdin_open                                  = false
    stop_signal                                 = [90mnull[0m[0m
    stop_timeout                                = 0
    storage_opts                                = {}
    sysctls                                     = {}
    tmpfs                                       = {}
    tty                                         = false
    user                                        = [90mnull[0m[0m
    userns_mode                                 = [90mnull[0m[0m
    wait                                        = false
    wait_timeout                                = 60
    working_dir                                 = "/app"

    ports {
        external = 3000
        internal = 3000
        ip       = "0.0.0.0"
        protocol = "tcp"
    }
}
